restart
无效ip
60.178.2.81:8081
无效ip
122.193.14.106:81
无效ip
119.163.133.93:8118
无效ip
222.128.13.94:8081
无效ip
111.62.251.130:80
无效ip
180.124.5.56:808
无效ip
218.4.101.130:83
无效ip
113.123.3.19:808
无效ip
101.227.75.68:8088
无效ip
117.68.167.215:8118
无效ip
59.127.38.117:8080
无效ip
115.200.2.20:80
无效ip
60.250.72.252:8080
无效ip
115.239.42.3:8118
无效ip
60.218.153.177:80
无效ip
121.12.42.112:61234
sigleTest通过但线程网络请求出错线程name:52Expecting value: line 1 column 1 (char 0)

the thread is over线程name:52
len(http_ok)=1	len(http_notok)=0

无效ip
121.13.55.137:8118
无效ip
222.85.5.244:808
无效ip
123.55.177.250:35188
无效ip
115.196.190.17:8118
sigleTest通过但线程网络请求出错线程name:65Expecting value: line 1 column 1 (char 0)

the thread is over线程name:65
len(http_ok)=1	len(http_notok)=0

sigleTest通过但线程网络请求出错线程name:67Expecting value: line 1 column 1 (char 0)

the thread is over线程name:67
len(http_ok)=1	len(http_notok)=0

无效ip
110.17.3.240:8118
无效ip
112.81.143.245:8118
无效ip
61.38.236.98:808
sigleTest通过但线程网络请求出错线程name:70Expecting value: line 1 column 1 (char 0)

the thread is over线程name:70
len(http_ok)=1	len(http_notok)=0

sigleTest通过但线程网络请求出错线程name:38Expecting value: line 1 column 1 (char 0)

the thread is over线程name:38
len(http_ok)=1	len(http_notok)=0

无效ip
125.37.107.23:8118
sigleTest通过但线程网络请求出错线程name:15Expecting value: line 1 column 1 (char 0)

the thread is over线程name:15
len(http_ok)=1	len(http_notok)=0

sigleTest通过但线程网络请求出错线程name:62Expecting value: line 1 column 1 (char 0)

the thread is over线程name:62
len(http_ok)=1	len(http_notok)=0

无效ip
123.185.131.48:8080
无效ip
175.2.128.189:808
无效ip
223.241.78.242:808
无效ip
60.178.11.20:8081
无效ip
111.62.245.189:80
sigleTest通过但线程网络请求出错线程name:75Expecting value: line 1 column 1 (char 0)

the thread is over线程name:75
len(http_ok)=1	len(http_notok)=0

sigleTest通过但线程网络请求出错线程name:76Expecting value: line 1 column 1 (char 0)

the thread is over线程name:76
len(http_ok)=1	len(http_notok)=0

无效ip
115.200.35.2:80
无效ip
115.200.169.150:80
无效ip
113.140.25.4:81
sigleTest通过但线程网络请求出错线程name:16Expecting value: line 1 column 1 (char 0)

the thread is over线程name:16
len(http_ok)=1	len(http_notok)=0

sigleTest通过但线程网络请求出错线程name:40Expecting value: line 1 column 1 (char 0)

the thread is over线程name:40
len(http_ok)=1	len(http_notok)=0

sigleTest通过但线程网络请求出错线程name:56Expecting value: line 1 column 1 (char 0)

the thread is over线程name:56
len(http_ok)=1	len(http_notok)=0

无效ip
49.83.118.88:8118
sigleTest通过但线程网络请求出错线程name:35Expecting value: line 1 column 1 (char 0)

the thread is over线程name:35
len(http_ok)=1	len(http_notok)=0

sigleTest通过但线程网络请求出错线程name:6Expecting value: line 1 column 1 (char 0)

the thread is over线程name:6
len(http_ok)=1	len(http_notok)=0

无效ip
119.5.0.50:22
sigleTest通过但线程网络请求出错线程name:61Expecting value: line 1 column 1 (char 0)

the thread is over线程name:61
len(http_ok)=1	len(http_notok)=0

sigleTest通过但线程网络请求出错线程name:57HTTPConnectionPool(host='36.255.134.12', port=52305): Max retries exceeded with url: http://train.qunar.com/dict/open/s2s.do?callback=jQuery17204028351541153141_1508679375674&dptStation=%E5%92%8C%E7%A1%95&arrStation=%E5%90%88%E8%82%A5&date=2017-11-11&type=normal&user=neibu&source=site&start=1&num=500&sort=3 (Caused by ProxyError('Cannot connect to proxy.', RemoteDisconnected('Remote end closed connection without response',)))

the thread is over线程name:57
len(http_ok)=0	len(http_notok)=0

sigleTest通过但线程网络请求出错线程name:33Expecting value: line 1 column 1 (char 0)

the thread is over线程name:33
len(http_ok)=1	len(http_notok)=0

sigleTest通过但线程网络请求出错线程name:23Expecting value: line 1 column 1 (char 0)

the thread is over线程name:23
len(http_ok)=1	len(http_notok)=0

sigleTest通过但线程网络请求出错线程name:68Expecting value: line 1 column 1 (char 0)

the thread is over线程name:68
len(http_ok)=1	len(http_notok)=0

sigleTest通过但线程网络请求出错线程name:8Expecting value: line 1 column 1 (char 0)

the thread is over线程name:8
len(http_ok)=1	len(http_notok)=0

无效ip
121.69.76.154:8118
sigleTest通过但线程网络请求出错线程name:14HTTPConnectionPool(host='111.62.243.64', port=8080): Max retries exceeded with url: http://train.qunar.com/dict/open/s2s.do?callback=jQuery17204028351541153141_1508679375674&dptStation=%E4%B8%8A%E6%9D%AD&arrStation=%E4%BA%94%E5%B8%B8&date=2017-11-11&type=normal&user=neibu&source=site&start=1&num=500&sort=3 (Caused by ProxyError('Cannot connect to proxy.', ConnectionResetError(54, 'Connection reset by peer')))

the thread is over线程name:14
len(http_ok)=0	len(http_notok)=0

sigleTest通过但线程网络请求出错线程name:5HTTPConnectionPool(host='39.71.148.34', port=8118): Max retries exceeded with url: http://train.qunar.com/dict/open/s2s.do?callback=jQuery17204028351541153141_1508679375674&dptStation=%E4%BB%B2%E6%81%BA&arrStation=%E4%B8%8A%E6%B5%B7%E5%8D%97&date=2017-11-11&type=normal&user=neibu&source=site&start=1&num=500&sort=3 (Caused by ProxyError('Cannot connect to proxy.', RemoteDisconnected('Remote end closed connection without response',)))

the thread is over线程name:5
len(http_ok)=0	len(http_notok)=0

sigleTest通过但线程网络请求出错线程name:64Expecting value: line 1 column 1 (char 0)

the thread is over线程name:64
len(http_ok)=1	len(http_notok)=0

sigleTest通过但线程网络请求出错线程name:4Expecting value: line 1 column 1 (char 0)

the thread is over线程name:4
len(http_ok)=1	len(http_notok)=0

无效ip
221.208.198.194:9000
sigleTest通过但线程网络请求出错线程name:25Expecting value: line 1 column 1 (char 0)

the thread is over线程name:25
len(http_ok)=1	len(http_notok)=0

sigleTest通过但线程网络请求出错线程name:51Expecting value: line 1 column 1 (char 0)

the thread is over线程name:51
len(http_ok)=1	len(http_notok)=0

无效ip
111.3.108.44:8118
无效ip
222.243.153.100:8080
无效ip
27.154.145.132:43049
无效ip
124.202.214.26:8118
无效ip
183.136.232.149:9999
无效ip
111.62.245.185:80
无效ip
183.149.226.125:34570
无效ip
115.210.176.56:25664
无效ip
125.118.246.178:808
无效ip
42.84.244.71:80
无效ip
178.4.146.222:8080
sigleTest通过但线程网络请求出错线程name:19Expecting value: line 1 column 1 (char 0)

the thread is over线程name:19
len(http_ok)=1	len(http_notok)=0

restart
无效ip
119.5.0.50:22
无效ip
122.193.14.106:81
无效ip
222.85.5.244:808
无效ip
111.62.251.130:80
无效ip
123.55.177.250:35188
无效ip
60.178.2.81:8081
无效ip
117.68.167.215:8118
无效ip
27.154.145.132:43049
无效ip
113.123.3.19:808
无效ip
59.127.38.117:8080
无效ip
60.178.10.128:8081
无效ip
121.13.55.137:8118
无效ip
121.12.42.112:61234
sigleTest通过但线程网络请求出错线程name:22Expecting value: line 1 column 1 (char 0)

the thread is over线程name:22
len(http_ok)=1	len(http_notok)=0

sigleTest通过但线程网络请求出错线程name:52Expecting value: line 1 column 1 (char 0)

the thread is over线程name:52
len(http_ok)=1	len(http_notok)=0

无效ip
60.218.153.177:80
sigleTest通过但线程网络请求出错线程name:2HTTPConnectionPool(host='112.81.143.245', port=8118): Max retries exceeded with url: http://train.qunar.com/dict/open/s2s.do?callback=jQuery17204028351541153141_1508679375674&dptStation=%E4%B8%B0%E4%B9%90%E9%95%87&arrStation=%E4%B8%89%E7%A9%97&date=2017-11-11&type=normal&user=neibu&source=site&start=1&num=500&sort=3 (Caused by ProxyError('Cannot connect to proxy.', RemoteDisconnected('Remote end closed connection without response',)))

the thread is over线程name:2
len(http_ok)=0	len(http_notok)=0

无效ip
110.17.3.240:8118
无效ip
49.83.118.88:8118
sigleTest通过但线程网络请求出错线程name:16Expecting value: line 1 column 1 (char 0)

the thread is over线程name:16
len(http_ok)=1	len(http_notok)=0

无效ip
115.239.42.3:8118
sigleTest通过但线程网络请求出错线程name:4Expecting value: line 1 column 1 (char 0)

the thread is over线程name:4
len(http_ok)=1	len(http_notok)=0

sigleTest通过但线程网络请求出错线程name:28HTTPConnectionPool(host='61.38.236.98', port=808): Max retries exceeded with url: http://train.qunar.com/dict/open/s2s.do?callback=jQuery17204028351541153141_1508679375674&dptStation=%E4%B8%B0%E9%A1%BA&arrStation=%E5%85%B3%E5%B2%AD&date=2017-11-11&type=normal&user=neibu&source=site&start=1&num=500&sort=3 (Caused by ProxyError('Cannot connect to proxy.', ConnectionResetError(54, 'Connection reset by peer')))

the thread is over线程name:28
len(http_ok)=0	len(http_notok)=0

无效ip
175.2.128.189:808
线程name:6@@@@500
sigleTest通过但线程网络请求出错线程name:75Expecting value: line 1 column 1 (char 0)

the thread is over线程name:75
len(http_ok)=1	len(http_notok)=0

无效ip
36.255.134.12:52305
无效ip
223.241.78.242:808
sigleTest通过但线程网络请求出错线程name:15Expecting value: line 1 column 1 (char 0)

the thread is over线程name:15
len(http_ok)=1	len(http_notok)=0

无效ip
222.128.13.94:8081
无效ip
125.37.107.23:8118
sigleTest通过但线程网络请求出错线程name:12Expecting value: line 1 column 1 (char 0)

the thread is over线程name:12
len(http_ok)=1	len(http_notok)=0

无效ip
111.62.245.189:80
sigleTest通过但线程网络请求出错线程name:44HTTPConnectionPool(host='111.62.245.185', port=80): Max retries exceeded with url: http://train.qunar.com/dict/open/s2s.do?callback=jQuery17204028351541153141_1508679375674&dptStation=%E4%B8%83%E9%87%8C%E6%B2%B3&arrStation=%E5%8F%8C%E5%90%89&date=2017-11-11&type=normal&user=neibu&source=site&start=1&num=500&sort=3 (Caused by ProxyError('Cannot connect to proxy.', ConnectionResetError(54, 'Connection reset by peer')))

the thread is over线程name:44
len(http_ok)=0	len(http_notok)=0

无效ip
60.24.165.120:8118
sigleTest通过但线程网络请求出错线程name:35Expecting value: line 1 column 1 (char 0)

the thread is over线程name:35
len(http_ok)=1	len(http_notok)=0

无效ip
115.200.2.20:80
sigleTest通过但线程网络请求出错线程name:24Expecting value: line 1 column 1 (char 0)

the thread is over线程name:24
len(http_ok)=1	len(http_notok)=0

sigleTest通过但线程网络请求出错线程name:76HTTPConnectionPool(host='111.62.243.58', port=80): Max retries exceeded with url: http://train.qunar.com/dict/open/s2s.do?callback=jQuery17204028351541153141_1508679375674&dptStation=%E4%B8%8B%E5%8F%B0%E5%AD%90&arrStation=%E5%AE%89%E5%8F%A3%E7%AA%91&date=2017-11-11&type=normal&user=neibu&source=site&start=1&num=500&sort=3 (Caused by ProxyError('Cannot connect to proxy.', ConnectionResetError(54, 'Connection reset by peer')))

the thread is over线程name:76
len(http_ok)=0	len(http_notok)=0

sigleTest通过但线程网络请求出错线程name:37HTTPConnectionPool(host='180.124.5.56', port=808): Max retries exceeded with url: http://train.qunar.com/dict/open/s2s.do?callback=jQuery17204028351541153141_1508679375674&dptStation=%E4%B8%AD%E5%AE%81%E5%8D%97&arrStation=%E5%8C%97%E4%BA%AC%E8%A5%BF&date=2017-11-11&type=normal&user=neibu&source=site&start=1&num=500&sort=3 (Caused by ProxyError('Cannot connect to proxy.', NewConnectionError('<urllib3.connection.HTTPConnection object at 0x11729c6a0>: Failed to establish a new connection: [Errno 61] Connection refused',)))

the thread is over线程name:37
len(http_ok)=0	len(http_notok)=0

sigleTest通过但线程网络请求出错线程name:62Expecting value: line 1 column 1 (char 0)

the thread is over线程name:62
len(http_ok)=1	len(http_notok)=0

sigleTest通过但线程网络请求出错线程name:6Expecting value: line 1 column 1 (char 0)

the thread is over线程name:6
len(http_ok)=1	len(http_notok)=1

sigleTest通过但线程网络请求出错线程name:33Expecting value: line 1 column 1 (char 0)

the thread is over线程name:33
len(http_ok)=1	len(http_notok)=0

sigleTest通过但线程网络请求出错线程name:63Expecting value: line 1 column 1 (char 0)

the thread is over线程name:63
len(http_ok)=1	len(http_notok)=0

sigleTest通过但线程网络请求出错线程name:48Expecting value: line 1 column 1 (char 0)

the thread is over线程name:48
len(http_ok)=1	len(http_notok)=0

sigleTest通过但线程网络请求出错线程name:8Expecting value: line 1 column 1 (char 0)

the thread is over线程name:8
len(http_ok)=1	len(http_notok)=0

sigleTest通过但线程网络请求出错线程name:14HTTPConnectionPool(host='111.62.243.64', port=8080): Max retries exceeded with url: http://train.qunar.com/dict/open/s2s.do?callback=jQuery17204028351541153141_1508679375674&dptStation=%E4%B8%8A%E6%9D%AD&arrStation=%E4%BA%94%E5%B8%B8&date=2017-11-11&type=normal&user=neibu&source=site&start=1&num=500&sort=3 (Caused by ProxyError('Cannot connect to proxy.', ConnectionResetError(54, 'Connection reset by peer')))

the thread is over线程name:14
len(http_ok)=0	len(http_notok)=0

sigleTest通过但线程网络请求出错线程name:47Expecting value: line 1 column 1 (char 0)

the thread is over线程name:47
len(http_ok)=1	len(http_notok)=0

sigleTest通过但线程网络请求出错线程name:23HTTPConnectionPool(host='112.248.228.13', port=8888): Max retries exceeded with url: http://train.qunar.com/dict/open/s2s.do?callback=jQuery17204028351541153141_1508679375674&dptStation=%E5%90%89%E8%88%92&arrStation=%E4%BA%8C%E8%90%A5&date=2017-11-11&type=normal&user=neibu&source=site&start=1&num=500&sort=3 (Caused by ProxyError('Cannot connect to proxy.', ConnectionResetError(54, 'Connection reset by peer')))

the thread is over线程name:23
len(http_ok)=0	len(http_notok)=0

无效ip
124.202.214.26:8118
无效ip
113.140.25.4:81
sigleTest通过但线程网络请求出错线程name:51Expecting value: line 1 column 1 (char 0)

the thread is over线程name:51
len(http_ok)=1	len(http_notok)=0

sigleTest通过但线程网络请求出错线程name:64Expecting value: line 1 column 1 (char 0)

the thread is over线程name:64
len(http_ok)=1	len(http_notok)=0

无效ip
221.208.198.194:9000
sigleTest通过但线程网络请求出错线程name:65Expecting value: line 1 column 1 (char 0)

the thread is over线程name:65
len(http_ok)=1	len(http_notok)=0

sigleTest通过但线程网络请求出错线程name:25Expecting value: line 1 column 1 (char 0)

the thread is over线程name:25
len(http_ok)=1	len(http_notok)=0

无效ip
115.200.35.2:80
线程name:29@@@@500
sigleTest通过但线程网络请求出错线程name:68Expecting value: line 1 column 1 (char 0)

the thread is over线程name:68
len(http_ok)=1	len(http_notok)=0

无效ip
218.4.101.130:83
sigleTest通过但线程网络请求出错线程name:29Expecting value: line 1 column 1 (char 0)

the thread is over线程name:29
len(http_ok)=1	len(http_notok)=1

无效ip
111.3.108.44:8118
sigleTest通过但线程网络请求出错线程name:71Expecting value: line 1 column 1 (char 0)

the thread is over线程name:71
len(http_ok)=1	len(http_notok)=0

无效ip
183.149.226.125:34570
无效ip
183.130.63.251:80
无效ip
115.210.176.56:25664
无效ip
121.12.42.94:61234
无效ip
115.200.169.150:80
无效ip
42.84.244.71:80
无效ip
222.243.153.100:8080
无效ip
113.89.56.40:8118
无效ip
39.71.148.34:8118
无效ip
125.118.246.178:808
无效ip
223.242.130.138:52335
sigleTest通过但线程网络请求出错线程name:49Expecting value: line 1 column 1 (char 0)

the thread is over线程name:49
len(http_ok)=1	len(http_notok)=0

无效ip
212.200.246.24:80
无效ip
178.4.146.222:8080
restart
无效ip
125.37.107.23:8118
无效ip
222.85.5.244:808
无效ip
122.193.14.106:81
无效ip
60.178.2.81:8081
无效ip
27.154.145.132:43049
无效ip
112.81.143.245:8118
无效ip
222.128.13.94:8081
无效ip
119.5.0.50:22
无效ip
180.124.5.56:808
无效ip
113.123.3.19:808
无效ip
111.62.251.130:80
无效ip
218.4.101.130:83
无效ip
121.12.42.112:61234
无效ip
115.210.176.56:25664
无效ip
61.38.236.98:808
无效ip
123.55.177.250:35188
无效ip
121.13.55.137:8118
无效ip
36.255.134.12:52305
sigleTest通过但线程网络请求出错线程name:54HTTPConnectionPool(host='59.127.38.117', port=8080): Max retries exceeded with url: http://train.qunar.com/dict/open/s2s.do?callback=jQuery17204028351541153141_1508679375674&dptStation=%E4%B8%89%E9%97%A8%E5%B3%A1%E5%8D%97&arrStation=%E4%B8%89%E6%B0%B4%E5%8C%97&date=2017-11-11&type=normal&user=neibu&source=site&start=1&num=500&sort=3 (Caused by ProxyError('Cannot connect to proxy.', ConnectionResetError(54, 'Connection reset by peer')))

the thread is over线程name:54
len(http_ok)=0	len(http_notok)=0

sigleTest通过但线程网络请求出错线程name:16Expecting value: line 1 column 1 (char 0)

the thread is over线程name:16
len(http_ok)=1	len(http_notok)=0

sigleTest通过但线程网络请求出错线程name:52Expecting value: line 1 column 1 (char 0)

the thread is over线程name:52
len(http_ok)=1	len(http_notok)=0

无效ip
119.163.133.93:8118
无效ip
117.68.167.215:8118
无效ip
110.17.3.240:8118
sigleTest通过但线程网络请求出错线程name:60Expecting value: line 1 column 1 (char 0)

the thread is over线程name:60
len(http_ok)=1	len(http_notok)=0

无效ip
60.24.165.120:8118
sigleTest通过但线程网络请求出错线程name:72Expecting value: line 1 column 1 (char 0)

the thread is over线程name:72
len(http_ok)=1	len(http_notok)=0

无效ip
175.2.128.189:808
sigleTest通过但线程网络请求出错线程name:12Expecting value: line 1 column 1 (char 0)

the thread is over线程name:12
len(http_ok)=1	len(http_notok)=0

sigleTest通过但线程网络请求出错线程name:15Expecting value: line 1 column 1 (char 0)

the thread is over线程name:15
len(http_ok)=1	len(http_notok)=0

无效ip
223.241.78.242:808
sigleTest通过但线程网络请求出错线程name:48Expecting value: line 1 column 1 (char 0)

the thread is over线程name:48
len(http_ok)=1	len(http_notok)=0

sigleTest通过但线程网络请求出错线程name:75Expecting value: line 1 column 1 (char 0)

the thread is over线程name:75
len(http_ok)=1	len(http_notok)=0

无效ip
49.83.118.88:8118
无效ip
111.62.245.189:80
无效ip
111.62.245.185:80
sigleTest通过但线程网络请求出错线程name:29Expecting value: line 1 column 1 (char 0)

the thread is over线程name:29
len(http_ok)=1	len(http_notok)=0

无效ip
123.185.131.48:8080
sigleTest通过但线程网络请求出错线程name:76HTTPConnectionPool(host='111.62.243.58', port=80): Max retries exceeded with url: http://train.qunar.com/dict/open/s2s.do?callback=jQuery17204028351541153141_1508679375674&dptStation=%E4%B8%89%E5%8D%81%E5%AE%B6&arrStation=%E4%B8%89%E9%83%BD%E5%8E%BF&date=2017-11-11&type=normal&user=neibu&source=site&start=1&num=500&sort=3 (Caused by ProxyError('Cannot connect to proxy.', ConnectionResetError(54, 'Connection reset by peer')))

the thread is over线程name:76
len(http_ok)=0	len(http_notok)=0

sigleTest通过但线程网络请求出错线程name:74Expecting value: line 1 column 1 (char 0)

the thread is over线程name:74
len(http_ok)=1	len(http_notok)=0

sigleTest通过但线程网络请求出错线程name:62Expecting value: line 1 column 1 (char 0)

the thread is over线程name:62
len(http_ok)=1	len(http_notok)=0

sigleTest通过但线程网络请求出错线程name:23Expecting value: line 1 column 1 (char 0)

the thread is over线程name:23
len(http_ok)=1	len(http_notok)=0

sigleTest通过但线程网络请求出错线程name:6Expecting value: line 1 column 1 (char 0)

the thread is over线程name:6
len(http_ok)=1	len(http_notok)=0

sigleTest通过但线程网络请求出错线程name:68Expecting value: line 1 column 1 (char 0)

the thread is over线程name:68
len(http_ok)=1	len(http_notok)=0

无效ip
183.130.63.251:80
sigleTest通过但线程网络请求出错线程name:4Expecting value: line 1 column 1 (char 0)

the thread is over线程name:4
len(http_ok)=1	len(http_notok)=0

sigleTest通过但线程网络请求出错线程name:35Expecting value: line 1 column 1 (char 0)

the thread is over线程name:35
len(http_ok)=1	len(http_notok)=0

sigleTest通过但线程网络请求出错线程name:33Expecting value: line 1 column 1 (char 0)

the thread is over线程name:33
len(http_ok)=1	len(http_notok)=0

无效ip
111.62.243.64:8080
sigleTest通过但线程网络请求出错线程name:50Expecting value: line 1 column 1 (char 0)

the thread is over线程name:50
len(http_ok)=1	len(http_notok)=0

sigleTest通过但线程网络请求出错线程name:64Expecting value: line 1 column 1 (char 0)

the thread is over线程name:64
len(http_ok)=1	len(http_notok)=0

sigleTest通过但线程网络请求出错线程name:8HTTPConnectionPool(host='121.204.165.233', port=8118): Max retries exceeded with url: http://train.qunar.com/dict/open/s2s.do?callback=jQuery17204028351541153141_1508679375674&dptStation=%E4%B8%89%E5%8D%81%E5%AE%B6&arrStation=%E4%B8%87%E6%BA%90&date=2017-11-11&type=normal&user=neibu&source=site&start=1&num=500&sort=3 (Caused by ProxyError('Cannot connect to proxy.', NewConnectionError('<urllib3.connection.HTTPConnection object at 0x1062c5240>: Failed to establish a new connection: [Errno 61] Connection refused',)))

the thread is over线程name:8
len(http_ok)=0	len(http_notok)=0

sigleTest通过但线程网络请求出错线程name:40Expecting value: line 1 column 1 (char 0)

the thread is over线程name:40
len(http_ok)=1	len(http_notok)=0

sigleTest通过但线程网络请求出错线程name:61Expecting value: line 1 column 1 (char 0)

the thread is over线程name:61
len(http_ok)=1	len(http_notok)=0

sigleTest通过但线程网络请求出错线程name:18Expecting value: line 1 column 1 (char 0)

the thread is over线程name:18
len(http_ok)=1	len(http_notok)=0

sigleTest通过但线程网络请求出错线程name:47Expecting value: line 1 column 1 (char 0)

the thread is over线程name:47
len(http_ok)=1	len(http_notok)=0

sigleTest通过但线程网络请求出错线程name:51Expecting value: line 1 column 1 (char 0)

the thread is over线程name:51
len(http_ok)=1	len(http_notok)=0

无效ip
183.136.232.149:9999
sigleTest通过但线程网络请求出错线程name:65Expecting value: line 1 column 1 (char 0)

the thread is over线程name:65
len(http_ok)=1	len(http_notok)=0

无效ip
121.69.76.154:8118
无效ip
115.196.190.17:8118
无效ip
113.89.56.40:8118
线程name:41@@@@502
sigleTest通过但线程网络请求出错线程name:25Expecting value: line 1 column 1 (char 0)

the thread is over线程name:25
len(http_ok)=1	len(http_notok)=0

无效ip
111.3.108.44:8118
sigleTest通过但线程网络请求出错线程name:34Expecting value: line 1 column 1 (char 0)

the thread is over线程name:34
len(http_ok)=1	len(http_notok)=0

无效ip
39.71.148.34:8118
无效ip
222.243.153.100:8080
无效ip
124.202.214.26:8118
无效ip
121.12.42.94:61234
无效ip
60.218.153.177:80
无效ip
183.149.226.125:34570
无效ip
125.118.246.178:808
无效ip
42.84.244.71:80
线程name:41@@@@502
sigleTest通过但线程网络请求出错线程name:41Expecting value: line 1 column 1 (char 0)

the thread is over线程name:41
len(http_ok)=1	len(http_notok)=2

sigleTest通过但线程网络请求出错线程name:71Expecting value: line 1 column 1 (char 0)

the thread is over线程name:71
len(http_ok)=1	len(http_notok)=0

sigleTest通过但线程网络请求出错线程name:19Expecting value: line 1 column 1 (char 0)

the thread is over线程name:19
len(http_ok)=1	len(http_notok)=0

restart
无效ip
125.37.107.23:8118
无效ip
222.128.13.94:8081
无效ip
111.62.251.130:80
无效ip
122.193.14.106:81
无效ip
119.5.0.50:22
无效ip
180.124.5.56:808
无效ip
60.178.2.81:8081
无效ip
113.123.3.19:808
无效ip
222.85.5.244:808
无效ip
110.17.3.240:8118
无效ip
27.154.145.132:43049
无效ip
112.81.143.245:8118
无效ip
115.210.176.56:25664
无效ip
60.24.165.120:8118
无效ip
218.4.101.130:83
无效ip
117.68.167.215:8118
无效ip
119.163.133.93:8118
无效ip
59.127.38.117:8080
无效ip
123.55.177.250:35188
无效ip
121.12.42.112:61234
无效ip
61.38.236.98:808
无效ip
60.250.72.252:8080
无效ip
113.89.56.40:8118
无效ip
121.13.55.137:8118
sigleTest通过但线程网络请求出错线程name:5Expecting value: line 1 column 1 (char 0)

the thread is over线程name:5
len(http_ok)=1	len(http_notok)=0

sigleTest通过但线程网络请求出错线程name:52Expecting value: line 1 column 1 (char 0)

the thread is over线程name:52
len(http_ok)=1	len(http_notok)=0

sigleTest通过但线程网络请求出错线程name:29Expecting value: line 1 column 1 (char 0)

the thread is over线程name:29
len(http_ok)=1	len(http_notok)=0

sigleTest通过但线程网络请求出错线程name:61Expecting value: line 1 column 1 (char 0)

the thread is over线程name:61
len(http_ok)=1	len(http_notok)=0

sigleTest通过但线程网络请求出错线程name:44Expecting value: line 1 column 1 (char 0)

the thread is over线程name:44
len(http_ok)=1	len(http_notok)=0

sigleTest通过但线程网络请求出错线程name:72Expecting value: line 1 column 1 (char 0)

the thread is over线程name:72
len(http_ok)=1	len(http_notok)=0

无效ip
42.84.244.71:80
无效ip
36.255.134.12:52305
无效ip
115.196.190.17:8118
sigleTest通过但线程网络请求出错线程name:75Expecting value: line 1 column 1 (char 0)

the thread is over线程name:75
len(http_ok)=1	len(http_notok)=0

sigleTest通过但线程网络请求出错线程name:45Expecting value: line 1 column 1 (char 0)

the thread is over线程name:45
len(http_ok)=1	len(http_notok)=0

sigleTest通过但线程网络请求出错线程name:15Expecting value: line 1 column 1 (char 0)

the thread is over线程name:15
len(http_ok)=1	len(http_notok)=0

无效ip
175.2.128.189:808
sigleTest通过但线程网络请求出错线程name:43Expecting value: line 1 column 1 (char 0)

the thread is over线程name:43
len(http_ok)=1	len(http_notok)=0

sigleTest通过但线程网络请求出错线程name:35Expecting value: line 1 column 1 (char 0)

the thread is over线程name:35
len(http_ok)=1	len(http_notok)=0

sigleTest通过但线程网络请求出错线程name:50Expecting value: line 1 column 1 (char 0)

the thread is over线程name:50
len(http_ok)=1	len(http_notok)=0

无效ip
223.241.78.242:808
sigleTest通过但线程网络请求出错线程name:4Expecting value: line 1 column 1 (char 0)

the thread is over线程name:4
len(http_ok)=1	len(http_notok)=0

无效ip
111.62.243.58:80
sigleTest通过但线程网络请求出错线程name:20Expecting value: line 1 column 1 (char 0)

the thread is over线程name:20
len(http_ok)=1	len(http_notok)=0

sigleTest通过但线程网络请求出错线程name:33Expecting value: line 1 column 1 (char 0)

the thread is over线程name:33
len(http_ok)=1	len(http_notok)=0

sigleTest通过但线程网络请求出错线程name:24Expecting value: line 1 column 1 (char 0)

the thread is over线程name:24
len(http_ok)=1	len(http_notok)=0

sigleTest通过但线程网络请求出错线程name:64Expecting value: line 1 column 1 (char 0)

the thread is over线程name:64
len(http_ok)=1	len(http_notok)=0

无效ip
49.83.118.88:8118
sigleTest通过但线程网络请求出错线程name:40Expecting value: line 1 column 1 (char 0)

the thread is over线程name:40
len(http_ok)=1	len(http_notok)=0

sigleTest通过但线程网络请求出错线程name:51Expecting value: line 1 column 1 (char 0)

the thread is over线程name:51
len(http_ok)=1	len(http_notok)=0

sigleTest通过但线程网络请求出错线程name:68Expecting value: line 1 column 1 (char 0)

the thread is over线程name:68
len(http_ok)=1	len(http_notok)=0

无效ip
115.200.35.2:80
sigleTest通过但线程网络请求出错线程name:8Expecting value: line 1 column 1 (char 0)

the thread is over线程name:8
len(http_ok)=1	len(http_notok)=0

sigleTest通过但线程网络请求出错线程name:62Expecting value: line 1 column 1 (char 0)

the thread is over线程name:62
len(http_ok)=1	len(http_notok)=0

sigleTest通过但线程网络请求出错线程name:34Expecting value: line 1 column 1 (char 0)

the thread is over线程name:34
len(http_ok)=1	len(http_notok)=0

sigleTest通过但线程网络请求出错线程name:47Expecting value: line 1 column 1 (char 0)

the thread is over线程name:47
len(http_ok)=1	len(http_notok)=0

无效ip
111.62.243.64:8080
sigleTest通过但线程网络请求出错线程name:41Expecting value: line 1 column 1 (char 0)

the thread is over线程name:41
len(http_ok)=1	len(http_notok)=0

sigleTest通过但线程网络请求出错线程name:49Expecting value: line 1 column 1 (char 0)

the thread is over线程name:49
len(http_ok)=1	len(http_notok)=0

sigleTest通过但线程网络请求出错线程name:48Expecting value: line 1 column 1 (char 0)

the thread is over线程name:48
len(http_ok)=1	len(http_notok)=0

无效ip
60.178.138.242:8081
sigleTest通过但线程网络请求出错线程name:18Expecting value: line 1 column 1 (char 0)

the thread is over线程name:18
len(http_ok)=1	len(http_notok)=0

无效ip
115.200.2.20:80
sigleTest通过但线程网络请求出错线程name:19Expecting value: line 1 column 1 (char 0)

the thread is over线程name:19
len(http_ok)=1	len(http_notok)=0

sigleTest通过但线程网络请求出错线程name:65Expecting value: line 1 column 1 (char 0)

the thread is over线程name:65
len(http_ok)=1	len(http_notok)=0

sigleTest通过但线程网络请求出错线程name:16Expecting value: line 1 column 1 (char 0)

the thread is over线程name:16
len(http_ok)=1	len(http_notok)=0

sigleTest通过但线程网络请求出错线程name:56Expecting value: line 1 column 1 (char 0)

the thread is over线程name:56
len(http_ok)=1	len(http_notok)=0

sigleTest通过但线程网络请求出错线程name:23Expecting value: line 1 column 1 (char 0)

the thread is over线程name:23
len(http_ok)=1	len(http_notok)=0

sigleTest通过但线程网络请求出错线程name:25Expecting value: line 1 column 1 (char 0)

the thread is over线程name:25
len(http_ok)=1	len(http_notok)=0

无效ip
124.202.214.26:8118
无效ip
220.181.136.21:1080
无效ip
222.243.153.100:8080
无效ip
121.12.42.94:61234
无效ip
183.149.226.125:34570
无效ip
125.118.246.178:808
无效ip
111.3.108.44:8118
